<?xml version="1.0" encoding="UTF-8"?>
<!-- Generated by org.testng.reporters.JUnitReportReporter -->
<testsuite hostname="LAPTOP-3N63N73N" failures="0" tests="1" name="LEADS_ADMIN.TC_leads_016_Test" time="134.207" errors="0" timestamp="2022-06-27T10:36:27 IST" skipped="0">
  <testcase classname="LEADS_ADMIN.TC_leads_016_Test" name="Date_Range_down" time="134.207"/>
  <system-out/>
</testsuite> <!-- LEADS_ADMIN.TC_leads_016_Test -->
