<?xml version="1.0" encoding="UTF-8"?>
<!-- Generated by org.testng.reporters.JUnitReportReporter -->
<testsuite skipped="0" hostname="LAPTOP-3N63N73N" name="LEADS_ADMIN.TC_leads_014_Test" tests="1" failures="0" timestamp="2022-07-12T08:53:20 IST" time="89.125" errors="0">
  <testcase name="Search" time="89.125" classname="LEADS_ADMIN.TC_leads_014_Test"/>
  <system-out/>
</testsuite> <!-- LEADS_ADMIN.TC_leads_014_Test -->
