<?xml version="1.0" encoding="UTF-8"?>
<!-- Generated by org.testng.reporters.JUnitReportReporter -->
<testsuite hostname="LAPTOP-3N63N73N" failures="0" tests="1" name="LEADS_ADMIN.TC_leads_017" time="35.000" errors="0" timestamp="2022-06-24T16:59:16 IST" skipped="0">
  <testcase classname="LEADS_ADMIN.TC_leads_017" name="Search" time="35.000"/>
  <system-out/>
</testsuite> <!-- LEADS_ADMIN.TC_leads_017 -->
