<?xml version="1.0" encoding="UTF-8"?>
<!-- Generated by org.testng.reporters.JUnitReportReporter -->
<testsuite hostname="LAPTOP-3N63N73N" failures="0" tests="1" name="LEADS_ADMIN.TC_leads_013_Test" time="51.326" errors="0" timestamp="2022-06-23T18:08:17 IST" skipped="0">
  <testcase classname="LEADS_ADMIN.TC_leads_013_Test" name="Status" time="51.326"/>
  <system-out/>
</testsuite> <!-- LEADS_ADMIN.TC_leads_013_Test -->
